{"level":"info","message":"Mainitainance mode is on, not processing the request","timestamp":"2024-02-04T13:10:01.311Z"}
{"level":"info","message":"Catalog products updated : 2024-02-04T13:15:56.861Z","timestamp":"2024-02-04T13:15:56.862Z"}
{"level":"info","message":"Catalog products updated : 2024-02-04T13:16:40.113Z","timestamp":"2024-02-04T13:16:40.114Z"}
{"level":"info","message":"Catalog products updated : 2024-02-04T13:17:46.801Z","timestamp":"2024-02-04T13:17:46.804Z"}
{"level":"info","message":"Catalog products updated : 2024-02-04T13:18:07.109Z","timestamp":"2024-02-04T13:18:07.111Z"}
{"level":"info","message":"Catalog products updated : 2024-02-04T13:30:00.643Z","timestamp":"2024-02-04T13:30:00.643Z"}
{"level":"info","message":"Catalog products updated : 2024-02-04T13:40:13.519Z","timestamp":"2024-02-04T13:40:13.520Z"}
{"level":"info","message":"Catalog products updated : 2024-02-04T13:44:21.788Z","timestamp":"2024-02-04T13:44:21.789Z"}
{"level":"info","message":"Catalog products updated : 2024-02-04T13:45:35.409Z","timestamp":"2024-02-04T13:45:35.410Z"}
{"level":"info","message":"Catalog products updated : 2024-02-04T13:46:45.363Z","timestamp":"2024-02-04T13:46:45.364Z"}
{"level":"error","message":"Error sending message: 400 - {\"error\":{\"message\":\"(#100) Invalid parameter\",\"type\":\"OAuthException\",\"code\":100,\"error_data\":{\"messaging_product\":\"whatsapp\",\"details\":\"Interactive message not supported for this template\"},\"fbtrace_id\":\"Ay47meVzfoUDV369UhQQ7O3\"}}","timestamp":"2024-02-04T13:47:17.913Z"}
{"level":"error","message":"Error handling request: Error sending message to user","timestamp":"2024-02-04T13:47:17.913Z"}
{"level":"info","message":"Catalog products updated : 2024-02-04T14:00:24.961Z","timestamp":"2024-02-04T14:00:24.962Z"}
{"level":"info","message":"Catalog products updated : 2024-02-04T14:07:00.240Z","timestamp":"2024-02-04T14:07:00.241Z"}
{"level":"info","message":"Catalog products updated : 2024-02-04T14:07:55.339Z","timestamp":"2024-02-04T14:07:55.340Z"}
{"level":"info","message":"Catalog products updated : 2024-02-04T14:14:01.356Z","timestamp":"2024-02-04T14:14:01.357Z"}
{"level":"info","message":"Catalog products updated : 2024-02-04T14:15:43.149Z","timestamp":"2024-02-04T14:15:43.150Z"}
{"level":"info","message":"Catalog products updated : 2024-02-04T14:30:01.302Z","timestamp":"2024-02-04T14:30:01.302Z"}
{"level":"info","message":"Catalog products updated : 2024-02-04T15:07:33.219Z","timestamp":"2024-02-04T15:07:33.221Z"}
{"level":"info","message":"Catalog products updated : 2024-02-04T15:14:40.691Z","timestamp":"2024-02-04T15:14:40.692Z"}
{"level":"info","message":"Catalog products updated : 2024-02-04T15:17:45.902Z","timestamp":"2024-02-04T15:17:45.903Z"}
{"level":"info","message":"Catalog products updated : 2024-02-04T15:20:13.600Z","timestamp":"2024-02-04T15:20:13.601Z"}
{"level":"info","message":"Catalog products updated : 2024-02-04T15:20:32.818Z","timestamp":"2024-02-04T15:20:32.819Z"}
{"level":"info","message":"Catalog products updated : 2024-02-04T15:21:19.715Z","timestamp":"2024-02-04T15:21:19.716Z"}
{"level":"error","message":"Button title not supported","timestamp":"2024-02-04T15:21:52.681Z"}
{"level":"info","message":"Catalog products updated : 2024-02-04T15:23:34.681Z","timestamp":"2024-02-04T15:23:34.682Z"}
{"level":"info","message":"Catalog products updated : 2024-02-04T15:23:54.066Z","timestamp":"2024-02-04T15:23:54.068Z"}
{"level":"error","message":"Button title not supported : English","timestamp":"2024-02-04T15:23:58.438Z"}
{"level":"info","message":"Catalog products updated : 2024-02-04T15:30:01.339Z","timestamp":"2024-02-04T15:30:01.340Z"}
{"level":"info","message":"Catalog products updated : 2024-02-04T15:34:14.279Z","timestamp":"2024-02-04T15:34:14.280Z"}
{"level":"info","message":"Catalog products updated : 2024-02-04T15:40:55.695Z","timestamp":"2024-02-04T15:40:55.696Z"}
{"level":"info","message":"Catalog products updated : 2024-02-04T15:43:46.502Z","timestamp":"2024-02-04T15:43:46.503Z"}
{"level":"info","message":"Catalog products updated : 2024-02-04T15:55:23.418Z","timestamp":"2024-02-04T15:55:23.419Z"}
{"level":"info","message":"Catalog products updated : 2024-02-04T15:58:05.412Z","timestamp":"2024-02-04T15:58:05.413Z"}
{"level":"info","message":"Catalog products updated : 2024-02-04T15:59:19.548Z","timestamp":"2024-02-04T15:59:19.549Z"}
{"level":"info","message":"Catalog products updated : 2024-02-04T16:02:41.274Z","timestamp":"2024-02-04T16:02:41.275Z"}
